{"level":"info","message":"Server is running on port 3000","service":"calculator-microservice"}
{"level":"info","message":"Server is running on port 3000","service":"calculator-microservice"}
{"level":"info","message":"Server is running on port 3000","service":"calculator-microservice"}
{"level":"info","message":"Server is running on port 3000","service":"calculator-microservice"}
{"level":"info","message":"Server is running on port 3000","service":"calculator-microservice"}
{"level":"info","message":"Received GET request for / from ::1","service":"calculator-microservice"}
{"level":"info","message":"Received GET request for /favicon.ico from ::1","service":"calculator-microservice"}
{"level":"info","message":"Received GET request for /add?num1=1a&num2=20 from ::1","service":"calculator-microservice"}
{"level":"info","message":"Received GET request for /add?numa=1a&num2=20 from ::1","service":"calculator-microservice"}
{"level":"error","message":"Invalid input parameters for addition","service":"calculator-microservice"}
{"level":"info","message":"Received GET request for /add?numa=1a&num2=20 from ::1","service":"calculator-microservice"}
{"level":"error","message":"Invalid input parameters for addition","service":"calculator-microservice"}
{"level":"info","message":"Received GET request for /add?numa=1a&num2=20 from ::1","service":"calculator-microservice"}
{"level":"error","message":"Invalid input parameters for addition","service":"calculator-microservice"}
{"level":"info","message":"Received GET request for /divide?numa=1a&num2=20 from ::1","service":"calculator-microservice"}
{"level":"error","message":"Invalid input parameters for division","service":"calculator-microservice"}
{"level":"info","message":"Received GET request for /divide?numa=1a&num2=20 from ::1","service":"calculator-microservice"}
{"level":"error","message":"Invalid input parameters for division","service":"calculator-microservice"}
{"level":"info","message":"Received GET request for /divide?numa=1a&num2=20 from ::1","service":"calculator-microservice"}
{"level":"error","message":"Invalid input parameters for division","service":"calculator-microservice"}
{"level":"info","message":"Received GET request for /divide?num1=3&num2=4 from ::1","service":"calculator-microservice"}
{"level":"info","message":"Received GET request for /favicon.ico from ::1","service":"calculator-microservice"}
{"level":"info","message":"Received GET request for /multiply?num1=3&num2=4 from ::1","service":"calculator-microservice"}
{"level":"info","message":"Received GET request for /add?num1=1a&num2=20 from ::1","service":"calculator-microservice"}
{"level":"info","message":"Received GET request for /favicon.ico from ::1","service":"calculator-microservice"}
{"level":"info","message":"Received GET request for /multiply?num1=3&num2=4 from ::1","service":"calculator-microservice"}
{"level":"info","message":"Received GET request for /multiply?num1=3&num2=4 from ::1","service":"calculator-microservice"}
{"level":"info","message":"Received GET request for /multiply?num1=3&num2=4 from ::1","service":"calculator-microservice"}
{"level":"info","message":"Received GET request for /multiply?num1=3&num2=4 from ::1","service":"calculator-microservice"}
{"level":"info","message":"Received GET request for /multiply?num1=a&num2=4 from ::1","service":"calculator-microservice"}
{"level":"error","message":"Invalid input parameters for multiplication","service":"calculator-microservice"}
